<?xml version="1.0" encoding="UTF-8"?>
<!-- Generated by org.testng.reporters.JUnitXMLReporter -->
<testsuite hostname="LAPTOP-G95SK00N" ignored="0" name="Default test" tests="3" failures="0" timestamp="2021-05-12T15:23:19 IST" time="6.75" errors="0">
  <testcase name="addBook" time="5.37" classname="files.DynamicJson"/>
  <testcase name="addBook" time="0.346" classname="files.DynamicJson"/>
  <testcase name="addBook" time="0.93" classname="files.DynamicJson"/>
</testsuite> <!-- Default test -->
