<?xml version="1.0" encoding="UTF-8"?>
<testng-results skipped="0" failed="0" ignored="0" total="3" passed="3">
  <reporter-output>
  </reporter-output>
  <suite name="Default suite" duration-ms="6750" started-at="2021-05-12T15:23:13 IST" finished-at="2021-05-12T15:23:19 IST">
    <groups>
    </groups>
    <test name="Default test" duration-ms="6750" started-at="2021-05-12T15:23:13 IST" finished-at="2021-05-12T15:23:19 IST">
      <class name="files.DynamicJson">
        <test-method status="PASS" signature="addBook(java.lang.String, java.lang.String)[pri:0, instance:files.DynamicJson@22eeefeb]" name="addBook" duration-ms="5370" started-at="2021-05-12T15:23:13 IST" data-provider="BooksData" finished-at="2021-05-12T15:23:18 IST">
          <params>
            <param index="0">
              <value>
                <![CDATA[errgg]]>
              </value>
            </param>
            <param index="1">
              <value>
                <![CDATA[78798]]>
              </value>
            </param>
          </params>
          <reporter-output>
          </reporter-output>
        </test-method> <!-- addBook -->
        <test-method status="PASS" signature="addBook(java.lang.String, java.lang.String)[pri:0, instance:files.DynamicJson@22eeefeb]" name="addBook" duration-ms="346" started-at="2021-05-12T15:23:18 IST" data-provider="BooksData" finished-at="2021-05-12T15:23:18 IST">
          <params>
            <param index="0">
              <value>
                <![CDATA[gfgfg]]>
              </value>
            </param>
            <param index="1">
              <value>
                <![CDATA[5765]]>
              </value>
            </param>
          </params>
          <reporter-output>
          </reporter-output>
        </test-method> <!-- addBook -->
        <test-method status="PASS" signature="addBook(java.lang.String, java.lang.String)[pri:0, instance:files.DynamicJson@22eeefeb]" name="addBook" duration-ms="930" started-at="2021-05-12T15:23:18 IST" data-provider="BooksData" finished-at="2021-05-12T15:23:19 IST">
          <params>
            <param index="0">
              <value>
                <![CDATA[tgfgfg]]>
              </value>
            </param>
            <param index="1">
              <value>
                <![CDATA[576433]]>
              </value>
            </param>
          </params>
          <reporter-output>
          </reporter-output>
        </test-method> <!-- addBook -->
      </class> <!-- files.DynamicJson -->
    </test> <!-- Default test -->
  </suite> <!-- Default suite -->
</testng-results>
